app/build/intermediates/manifest_merge_blame_file/debug/manifest-merger-blame-debug-report.txt
1<?xml version="1.0" encoding="utf-8"?>
2<manifest xmlns:android="http://schemas.android.com/apk/res/android"
3    package="vn.edu.usth.wikipedia_mobieapp"
4    android:versionCode="1"
5    android:versionName="1.0" >
6
7    <uses-sdk
8        android:minSdkVersion="15"
8-->src/main/AndroidManifest.xml
9        android:targetSdkVersion="29" />
9-->src/main/AndroidManifest.xml
10
11    <application
11-->src/main/AndroidManifest.xml:5:5-28:19
12        android:allowBackup="true"
12-->src/main/AndroidManifest.xml:6:9-35
13        android:appComponentFactory="androidx.core.app.CoreComponentFactory"
13-->[androidx.core:core:1.0.1] AndroidManifest.xml:22:18-86
14        android:debuggable="true"
15        android:icon="@mipmap/ic_launcher"
15-->src/main/AndroidManifest.xml:7:9-43
16        android:label="@string/app_name"
16-->src/main/AndroidManifest.xml:8:9-41
17        android:roundIcon="@mipmap/ic_launcher_round"
17-->src/main/AndroidManifest.xml:9:9-54
18        android:supportsRtl="true"
18-->src/main/AndroidManifest.xml:10:9-35
19        android:testOnly="true"
20        android:theme="@style/AppTheme" >
20-->src/main/AndroidManifest.xml:11:9-40
21        <activity
21-->src/main/AndroidManifest.xml:13:9-18:20
22            android:name="vn.edu.usth.wikipedia_mobieapp.aboutActivity"
22-->src/main/AndroidManifest.xml:14:13-42
23            android:label="@string/title_activity_about"
23-->src/main/AndroidManifest.xml:15:13-57
24            android:parentActivityName="vn.edu.usth.wikipedia_mobieapp.MainActivity"
24-->src/main/AndroidManifest.xml:17:13-55
25            android:theme="@style/AppTheme.NoActionBar" >
25-->src/main/AndroidManifest.xml:16:13-56
26        </activity>
27        <activity android:name="vn.edu.usth.wikipedia_mobieapp.MainActivity" >
27-->src/main/AndroidManifest.xml:21:9-27:20
27-->src/main/AndroidManifest.xml:21:19-47
28            <intent-filter>
28-->src/main/AndroidManifest.xml:22:13-26:29
29                <action android:name="android.intent.action.MAIN" />
29-->src/main/AndroidManifest.xml:23:17-69
29-->src/main/AndroidManifest.xml:23:25-66
30
31                <category android:name="android.intent.category.LAUNCHER" />
31-->src/main/AndroidManifest.xml:25:17-77
31-->src/main/AndroidManifest.xml:25:27-74
32            </intent-filter>
33        </activity>
34    </application>
35
36</manifest>